<?xml version="1.0" encoding="UTF-8"?>
<!-- Generated by org.testng.reporters.JUnitXMLReporter -->
<testsuite ignored="0" hostname="LAPTOP-VFCRV1EH" failures="1" tests="1" name="Regression" time="0.101" errors="0" timestamp="2025-12-25T23:14:35 IST">
  <testcase classname="demo.A05_FailedListener" name="Demo" time="0.028">
    <failure type="java.lang.AssertionError" message="expected [true] but found [false]">
      <![CDATA[java.lang.AssertionError: expected [true] but found [false]
at demo.A05_FailedListener.Demo(A05_FailedListener.java:11)
at java.base/java.util.ArrayList.forEach(ArrayList.java:1596)
... Removed 29 stack frames]]>
    </failure>
  </testcase> <!-- Demo -->
</testsuite> <!-- Regression -->
