<?xml version="1.0" encoding="UTF-8"?>
<!-- Generated by org.testng.reporters.JUnitXMLReporter -->
<testsuite ignored="0" hostname="DESKTOP-HR164BU" failures="0" tests="6" name="CarLoan" time="0.283" errors="0" timestamp="2025-12-26T18:18:15 IST">
  <testcase classname="demo.A03_Day03" name="MobilelogOutCarLoan" time="0.018"/>
  <testcase classname="demo.A03_Day03" name="MobilelogOutCarLoan" time="0.008"/>
  <testcase classname="demo.A03_Day03" name="MobilelogOutCarLoan" time="0.002"/>
  <testcase classname="demo.A03_Day03" name="MobileloginCarLoan" time="0.023"/>
  <testcase classname="demo.A03_Day03" name="WebloginCarLoan" time="0.002"/>
  <testcase classname="demo.A03_Day03" name="LoginAPICarLoan" time="0.009"/>
</testsuite> <!-- CarLoan -->
