<?xml version="1.0" encoding="UTF-8"?>
<!-- Generated by org.testng.reporters.JUnitXMLReporter -->
<testsuite ignored="1" hostname="DESKTOP-HR164BU" failures="0" tests="5" name="Helloo" time="0.15" errors="0" timestamp="2025-12-26T18:18:15 IST">
  <testcase classname="demo.A04_Day04" name="LoginAPIHomeLoan" time="0.012"/>
  <testcase classname="demo.A02_Day02" name="Try" time="0.013"/>
  <testcase classname="demo.A01_Day01" name="Demo" time="0.015"/>
  <testcase classname="demo.A04_Day04" name="MobileloginHomeLoan" time="0.026"/>
  <testcase classname="demo.A04_Day04" name="WebloginHomeLoan" time="0.01"/>
  <testcase classname="demo.A01_Day01" name="secondTest" time="0.0">
    <ignored/>
  </testcase> <!-- secondTest -->
</testsuite> <!-- Helloo -->
