<?xml version="1.0" encoding="UTF-8"?>
<!-- Generated by org.testng.reporters.JUnitXMLReporter -->
<testsuite ignored="7" hostname="LAPTOP-VFCRV1EH" failures="1" tests="3" name="Regression" time="0.11" errors="0" timestamp="2025-12-21T12:09:01 IST">
  <testcase classname="demo.A01_Day01" name="secondTest" time="0.021"/>
  <testcase classname="demo.A02_Day02" name="Try" time="0.004"/>
  <testcase classname="demo.A03_Day03" name="WebloginCarLoan" time="0.0">
    <failure type="org.testng.TestNGException" message="
Parameter &amp;apos;URL&amp;apos; is required by @Test on method WebloginCarLoan but has not been marked @Optional or defined
in C:\Users\Dikshansh\eclipse-workspace\TestNG\testng3.xml">
      <![CDATA[org.testng.TestNGException: 
Parameter 'URL' is required by @Test on method WebloginCarLoan but has not been marked @Optional or defined
in C:\Users\Dikshansh\eclipse-workspace\TestNG\testng3.xml
at java.base/java.util.ArrayList.forEach(ArrayList.java:1596)
... Removed 26 stack frames]]>
    </failure>
  </testcase> <!-- WebloginCarLoan -->
  <testcase classname="demo.A03_Day03" name="MobilelogOutCarLoan" time="0.0">
    <ignored/>
  </testcase> <!-- MobilelogOutCarLoan -->
  <testcase classname="demo.A04_Day04" name="MobileloginHomeLoan" time="0.0">
    <ignored/>
  </testcase> <!-- MobileloginHomeLoan -->
  <testcase classname="demo.A03_Day03" name="MobileloginCarLoan" time="0.0">
    <ignored/>
  </testcase> <!-- MobileloginCarLoan -->
  <testcase classname="demo.A04_Day04" name="LoginAPIHomeLoan" time="0.0">
    <ignored/>
  </testcase> <!-- LoginAPIHomeLoan -->
  <testcase classname="demo.A01_Day01" name="Demo" time="0.0">
    <ignored/>
  </testcase> <!-- Demo -->
  <testcase classname="demo.A03_Day03" name="LoginAPICarLoan" time="0.0">
    <ignored/>
  </testcase> <!-- LoginAPICarLoan -->
  <testcase classname="demo.A04_Day04" name="WebloginHomeLoan" time="0.0">
    <ignored/>
  </testcase> <!-- WebloginHomeLoan -->
</testsuite> <!-- Regression -->
