<?xml version="1.0" encoding="UTF-8"?>
<!-- Generated by org.testng.reporters.JUnitReportReporter -->
<testsuite hostname="DESKTOP-HR164BU" failures="0" tests="6" name="demo.A03_Day03" time="0.082" errors="0" timestamp="2025-12-26T18:18:16 IST" skipped="0">
  <testcase classname="demo.A03_Day03" name="WebloginCarLoan" time="0.003"/>
  <testcase classname="demo.A03_Day03" name="MobilelogOutCarLoan" time="0.016"/>
  <testcase classname="demo.A03_Day03" name="MobilelogOutCarLoan" time="0.003"/>
  <testcase classname="demo.A03_Day03" name="LoginAPICarLoan" time="0.017"/>
  <testcase classname="demo.A03_Day03" name="MobileloginCarLoan" time="0.023"/>
  <testcase classname="demo.A03_Day03" name="MobilelogOutCarLoan" time="0.020"/>
</testsuite> <!-- demo.A03_Day03 -->
