<?xml version="1.0" encoding="UTF-8"?>
<!-- Generated by org.testng.reporters.JUnitReportReporter -->
<testsuite hostname="LAPTOP-VFCRV1EH" failures="0" tests="3" name="demo.A00_DataProvider" time="0.024" errors="0" timestamp="2025-12-22T23:02:29 IST" skipped="0">
  <testcase classname="demo.A00_DataProvider" name="PrintAll" time="0.004"/>
  <testcase classname="demo.A00_DataProvider" name="PrintAll" time="0.013"/>
  <testcase classname="demo.A00_DataProvider" name="PrintAll" time="0.007"/>
</testsuite> <!-- demo.A00_DataProvider -->
