<?xml version="1.0" encoding="UTF-8"?>
<!-- Generated by org.testng.reporters.JUnitReportReporter -->
<testsuite hostname="DESKTOP-HR164BU" failures="0" tests="3" name="demo.A04_Day04" time="0.048" errors="0" timestamp="2025-12-26T18:18:16 IST" skipped="0">
  <testcase classname="demo.A04_Day04" name="MobileloginHomeLoan" time="0.026"/>
  <testcase classname="demo.A04_Day04" name="LoginAPIHomeLoan" time="0.012"/>
  <testcase classname="demo.A04_Day04" name="WebloginHomeLoan" time="0.010"/>
</testsuite> <!-- demo.A04_Day04 -->
